Base path: 'C:/Program Files/Unity/Hub/Editor/2019.4.5f1/Editor/Data', plugins path 'C:/Program Files/Unity/Hub/Editor/2019.4.5f1/Editor/Data/PlaybackEngines'
Cmd: initializeCompiler
Cmd: compileComputeKernel
  api=4 insize=18731 outsize=8518 ok=1
Cmd: compileComputeKernel
  api=4 insize=5032 outsize=4117 ok=1
Cmd: compileComputeKernel
  api=4 insize=7960 outsize=1041 ok=1
Cmd: compileComputeKernel
  api=4 insize=9919 outsize=1879 ok=1
Cmd: compileComputeKernel
  api=4 insize=9919 outsize=1909 ok=1
Cmd: compileComputeKernel
  api=4 insize=6546 outsize=1426 ok=1
Cmd: compileComputeKernel
  api=4 insize=11176 outsize=10429 ok=1
Cmd: compileComputeKernel
  api=4 insize=47665 outsize=2939 ok=1
Cmd: compileComputeKernel
  api=4 insize=47665 outsize=1319 ok=1
Cmd: compileComputeKernel
  api=4 insize=47665 outsize=1626 ok=1
Cmd: compileComputeKernel
  api=4 insize=47665 outsize=1772 ok=1
Cmd: compileComputeKernel
  api=4 insize=47665 outsize=1879 ok=1
Cmd: compileComputeKernel
  api=4 insize=47665 outsize=2057 ok=1
Cmd: compileComputeKernel
  api=4 insize=47665 outsize=1389 ok=1
Cmd: compileComputeKernel
  api=4 insize=47665 outsize=2416 ok=1
Cmd: compileComputeKernel
  api=4 insize=68835 outsize=6028 ok=1
Cmd: compileComputeKernel
  api=4 insize=3174 outsize=375 ok=1
Cmd: compileComputeKernel
  api=4 insize=29386 outsize=772 ok=1
Cmd: compileComputeKernel
  api=4 insize=29386 outsize=937 ok=1
Cmd: compileComputeKernel
  api=4 insize=29386 outsize=854 ok=1
Cmd: compileComputeKernel
  api=4 insize=29386 outsize=950 ok=1
Cmd: compileComputeKernel
  api=4 insize=29386 outsize=701 ok=1
Cmd: compileComputeKernel
  api=4 insize=29386 outsize=759 ok=1
Cmd: compileComputeKernel
  api=4 insize=29386 outsize=872 ok=1
Cmd: compileComputeKernel
  api=4 insize=29386 outsize=1067 ok=1
Cmd: compileComputeKernel
  api=4 insize=29386 outsize=1364 ok=1
Cmd: compileComputeKernel
  api=4 insize=29386 outsize=1354 ok=1
Cmd: compileComputeKernel
  api=4 insize=29386 outsize=1283 ok=1
Cmd: compileComputeKernel
  api=4 insize=31899 outsize=9521 ok=1
Cmd: compileSnippet
  api=4 type=1 insize=1554 outsize=2638 kw=UNITY_PASS_DEFERRED LIGHTPROBE_SH UNITY_HDR_ON INSTANCING_ON pd=UNITY_ENABLE_REFLECTION_BUFFERS UNITY_USE_DITHER_MASK_FOR_ALPHABLENDED_SHADOWS UNITY_PBS_USE_BRDF1 UNITY_SPECCUBE_BOX_PROJECTION UNITY_SPECCUBE_BLENDING UNITY_ENABLE_DETAIL_NORMALMAP SHADER_API_DESKTOP UNITY_COLORSPACE_GAMMA UNITY_LIGHT_PROBE_PROXY_VOLUME UNITY_LIGHTMAP_FULL_HDR ok=1
Cmd: compileSnippet
  api=4 type=0 insize=4008 outsize=542 kw=FXAA_LOW pd=UNITY_ENABLE_REFLECTION_BUFFERS UNITY_USE_DITHER_MASK_FOR_ALPHABLENDED_SHADOWS UNITY_PBS_USE_BRDF1 UNITY_SPECCUBE_BOX_PROJECTION UNITY_SPECCUBE_BLENDING UNITY_ENABLE_DETAIL_NORMALMAP SHADER_API_DESKTOP UNITY_COLORSPACE_GAMMA UNITY_LIGHT_PROBE_PROXY_VOLUME UNITY_LIGHTMAP_FULL_HDR ok=1
